  [1m[35m (0.4ms)[0m  [1m[35mSET NAMES utf8,  @@SESSION.sql_mode = CONCAT(CONCAT(@@sql_mode, ',STRICT_ALL_TABLES'), ',NO_AUTO_VALUE_ON_ZERO'),  @@SESSION.sql_auto_is_null = 0, @@SESSION.wait_timeout = 2147483[0m
  [1m[35m (1812.2ms)[0m  [1m[35mCREATE TABLE `schema_migrations` (`version` varchar(255) NOT NULL PRIMARY KEY) ENGINE=InnoDB[0m
  [1m[35m (1135.5ms)[0m  [1m[35mCREATE TABLE `ar_internal_metadata` (`key` varchar(255) NOT NULL PRIMARY KEY, `value` varchar(255), `created_at` datetime NOT NULL, `updated_at` datetime NOT NULL) ENGINE=InnoDB[0m
  [1m[35m (38.3ms)[0m  [1m[34mSELECT GET_LOCK('4103625539059857825', 0)[0m
  [1m[35m (0.6ms)[0m  [1m[34mSELECT `schema_migrations`.`version` FROM `schema_migrations` ORDER BY `schema_migrations`.`version` ASC[0m
Migrating to CreateAes (20200116063358)
  [1m[35m (1499.5ms)[0m  [1m[35mCREATE TABLE `aes` (`id` bigint NOT NULL AUTO_INCREMENT PRIMARY KEY, `PATIENT_ID` int, `SITE_NAME` varchar(255), `COUNTRY_NAME` varchar(255), `DELAY_DAYS` int, `created_at` datetime NOT NULL, `updated_at` datetime NOT NULL) ENGINE=InnoDB[0m
  [1m[35m (1.0ms)[0m  [1m[35mBEGIN[0m
  [1m[35mSQL (65.0ms)[0m  [1m[32mINSERT INTO `schema_migrations` (`version`) VALUES ('20200116063358')[0m
  [1m[35m (137.6ms)[0m  [1m[35mCOMMIT[0m
  [1m[36mActiveRecord::InternalMetadata Load (0.7ms)[0m  [1m[34mSELECT  `ar_internal_metadata`.* FROM `ar_internal_metadata` WHERE `ar_internal_metadata`.`key` = 'environment' LIMIT 1[0m
  [1m[35m (1.3ms)[0m  [1m[35mBEGIN[0m
  [1m[35mSQL (33.9ms)[0m  [1m[32mINSERT INTO `ar_internal_metadata` (`key`, `value`, `created_at`, `updated_at`) VALUES ('environment', 'development', '2020-01-16 06:36:06', '2020-01-16 06:36:06')[0m
  [1m[35m (1056.9ms)[0m  [1m[35mCOMMIT[0m
  [1m[35m (113.6ms)[0m  [1m[34mSELECT RELEASE_LOCK('4103625539059857825')[0m
  [1m[35m (0.7ms)[0m  [1m[34mSELECT `schema_migrations`.`version` FROM `schema_migrations` ORDER BY `schema_migrations`.`version` ASC[0m
  [1m[35m (0.7ms)[0m  [1m[35mSET NAMES utf8,  @@SESSION.sql_mode = CONCAT(CONCAT(@@sql_mode, ',STRICT_ALL_TABLES'), ',NO_AUTO_VALUE_ON_ZERO'),  @@SESSION.sql_auto_is_null = 0, @@SESSION.wait_timeout = 2147483[0m
  [1m[35m (0.6ms)[0m  [1m[34mSELECT `schema_migrations`.`version` FROM `schema_migrations` ORDER BY `schema_migrations`.`version` ASC[0m
  [1m[35m (0.4ms)[0m  [1m[35mSET NAMES utf8,  @@SESSION.sql_mode = CONCAT(CONCAT(@@sql_mode, ',STRICT_ALL_TABLES'), ',NO_AUTO_VALUE_ON_ZERO'),  @@SESSION.sql_auto_is_null = 0, @@SESSION.wait_timeout = 2147483[0m
  [1m[35m (0.5ms)[0m  [1m[34mSELECT `schema_migrations`.`version` FROM `schema_migrations` ORDER BY `schema_migrations`.`version` ASC[0m
  [1m[35m (0.5ms)[0m  [1m[35mSET NAMES utf8,  @@SESSION.sql_mode = CONCAT(CONCAT(@@sql_mode, ',STRICT_ALL_TABLES'), ',NO_AUTO_VALUE_ON_ZERO'),  @@SESSION.sql_auto_is_null = 0, @@SESSION.wait_timeout = 2147483[0m
  [1m[35m (0.8ms)[0m  [1m[34mSELECT `schema_migrations`.`version` FROM `schema_migrations` ORDER BY `schema_migrations`.`version` ASC[0m
Started GET "/api/v1/aes" for ::1 at 2020-01-16 12:28:22 +0530
  [1m[35m (0.6ms)[0m  [1m[35mSET NAMES utf8,  @@SESSION.sql_mode = CONCAT(CONCAT(@@sql_mode, ',STRICT_ALL_TABLES'), ',NO_AUTO_VALUE_ON_ZERO'),  @@SESSION.sql_auto_is_null = 0, @@SESSION.wait_timeout = 2147483[0m
  [1m[35m (0.4ms)[0m  [1m[34mSELECT `schema_migrations`.`version` FROM `schema_migrations` ORDER BY `schema_migrations`.`version` ASC[0m
  
ActionController::RoutingError (uninitialized constant Api::V1::Applicationcontroller):
  
app/controllers/api/v1/aes_controller.rb:3:in `<module:V1>'
app/controllers/api/v1/aes_controller.rb:2:in `<module:Api>'
app/controllers/api/v1/aes_controller.rb:1:in `<top (required)>'
Started GET "/api/v1/aes" for ::1 at 2020-01-16 12:28:54 +0530
  
ActionController::RoutingError (uninitialized constant Api::V1::Applicationcontroller):
  
app/controllers/api/v1/aes_controller.rb:3:in `<module:V1>'
app/controllers/api/v1/aes_controller.rb:2:in `<module:Api>'
app/controllers/api/v1/aes_controller.rb:1:in `<top (required)>'
Started GET "/api/v1/aes" for ::1 at 2020-01-16 12:30:57 +0530
  [1m[35m (1.0ms)[0m  [1m[35mSET NAMES utf8,  @@SESSION.sql_mode = CONCAT(CONCAT(@@sql_mode, ',STRICT_ALL_TABLES'), ',NO_AUTO_VALUE_ON_ZERO'),  @@SESSION.sql_auto_is_null = 0, @@SESSION.wait_timeout = 2147483[0m
  
ActionController::RoutingError (uninitialized constant Api::V1::Applicationcontroller):
  
app/controllers/api/v1/aes_controller.rb:3:in `<module:V1>'
app/controllers/api/v1/aes_controller.rb:2:in `<module:Api>'
app/controllers/api/v1/aes_controller.rb:1:in `<top (required)>'
Started GET "/api/v1/aes" for ::1 at 2020-01-16 12:31:53 +0530
  [1m[35m (0.4ms)[0m  [1m[35mSET NAMES utf8,  @@SESSION.sql_mode = CONCAT(CONCAT(@@sql_mode, ',STRICT_ALL_TABLES'), ',NO_AUTO_VALUE_ON_ZERO'),  @@SESSION.sql_auto_is_null = 0, @@SESSION.wait_timeout = 2147483[0m
  [1m[35m (0.4ms)[0m  [1m[34mSELECT `schema_migrations`.`version` FROM `schema_migrations` ORDER BY `schema_migrations`.`version` ASC[0m
  
ActionController::RoutingError (uninitialized constant Api::V1::Applicationcontroller):
  
app/controllers/api/v1/aes_controller.rb:3:in `<module:V1>'
app/controllers/api/v1/aes_controller.rb:2:in `<module:Api>'
app/controllers/api/v1/aes_controller.rb:1:in `<top (required)>'
Started GET "/api/v1/aes" for ::1 at 2020-01-16 12:33:11 +0530
  
ActionController::RoutingError (uninitialized constant Api::V1::Applicationcontroller):
  
app/controllers/api/v1/aes_controller.rb:3:in `<module:V1>'
app/controllers/api/v1/aes_controller.rb:2:in `<module:Api>'
app/controllers/api/v1/aes_controller.rb:1:in `<top (required)>'
Started GET "/api/v1/aes" for ::1 at 2020-01-16 12:38:35 +0530
  
ActionController::RoutingError (uninitialized constant Api::V1::Applicationcontroller):
  
app/controllers/api/v1/aes_controller.rb:3:in `<module:V1>'
app/controllers/api/v1/aes_controller.rb:2:in `<module:Api>'
app/controllers/api/v1/aes_controller.rb:1:in `<top (required)>'
Started GET "/api/v1/aes" for ::1 at 2020-01-16 12:41:56 +0530
  [1m[35m (0.7ms)[0m  [1m[35mSET NAMES utf8,  @@SESSION.sql_mode = CONCAT(CONCAT(@@sql_mode, ',STRICT_ALL_TABLES'), ',NO_AUTO_VALUE_ON_ZERO'),  @@SESSION.sql_auto_is_null = 0, @@SESSION.wait_timeout = 2147483[0m
  
ActionController::RoutingError (uninitialized constant Api::V1::Applicationcontroller):
  
app/controllers/api/v1/aes_controller.rb:3:in `<module:V1>'
app/controllers/api/v1/aes_controller.rb:2:in `<module:Api>'
app/controllers/api/v1/aes_controller.rb:1:in `<top (required)>'
  [1m[35m (0.7ms)[0m  [1m[35mSET NAMES utf8,  @@SESSION.sql_mode = CONCAT(CONCAT(@@sql_mode, ',STRICT_ALL_TABLES'), ',NO_AUTO_VALUE_ON_ZERO'),  @@SESSION.sql_auto_is_null = 0, @@SESSION.wait_timeout = 2147483[0m
  [1m[35m (0.4ms)[0m  [1m[34mSELECT `schema_migrations`.`version` FROM `schema_migrations` ORDER BY `schema_migrations`.`version` ASC[0m
  [1m[35m (0.2ms)[0m  [1m[35mBEGIN[0m
  [1m[35mSQL (10.9ms)[0m  [1m[32mINSERT INTO `aes` (`PATIENT_ID`, `SITE_NAME`, `COUNTRY_NAME`, `DELAY_DAYS`, `created_at`, `updated_at`) VALUES (1, 'VSP', 'INDIA', 0, '2020-01-16 07:17:11', '2020-01-16 07:17:11')[0m
  [1m[35m (44.5ms)[0m  [1m[35mCOMMIT[0m
Started GET "/api/v1/aes" for ::1 at 2020-01-16 12:47:45 +0530
  [1m[35m (0.4ms)[0m  [1m[35mSET NAMES utf8,  @@SESSION.sql_mode = CONCAT(CONCAT(@@sql_mode, ',STRICT_ALL_TABLES'), ',NO_AUTO_VALUE_ON_ZERO'),  @@SESSION.sql_auto_is_null = 0, @@SESSION.wait_timeout = 2147483[0m
  [1m[35m (0.4ms)[0m  [1m[34mSELECT `schema_migrations`.`version` FROM `schema_migrations` ORDER BY `schema_migrations`.`version` ASC[0m
  
ActionController::RoutingError (uninitialized constant Api::V1::Applicationcontroller):
  
app/controllers/api/v1/aes_controller.rb:3:in `<module:V1>'
app/controllers/api/v1/aes_controller.rb:2:in `<module:Api>'
app/controllers/api/v1/aes_controller.rb:1:in `<top (required)>'
Started GET "/" for ::1 at 2020-01-16 12:47:58 +0530
Processing by Rails::WelcomeController#index as HTML
  Rendering C:/Ruby26-x64/lib/ruby/gems/2.6.0/gems/railties-5.1.7/lib/rails/templates/rails/welcome/index.html.erb
  Rendered C:/Ruby26-x64/lib/ruby/gems/2.6.0/gems/railties-5.1.7/lib/rails/templates/rails/welcome/index.html.erb (2.0ms)
Completed 200 OK in 16ms (Views: 8.5ms | ActiveRecord: 0.0ms)


Started GET "/api/v1/aes" for ::1 at 2020-01-16 12:48:03 +0530
  
ActionController::RoutingError (uninitialized constant Api::V1::Applicationcontroller):
  
app/controllers/api/v1/aes_controller.rb:3:in `<module:V1>'
app/controllers/api/v1/aes_controller.rb:2:in `<module:Api>'
app/controllers/api/v1/aes_controller.rb:1:in `<top (required)>'
Started GET "/api/v1/aes" for ::1 at 2020-01-16 12:48:38 +0530
  
ActionController::RoutingError (uninitialized constant Api::V1::Applicationcontroller):
  
app/controllers/api/v1/aes_controller.rb:3:in `<module:V1>'
app/controllers/api/v1/aes_controller.rb:2:in `<module:Api>'
app/controllers/api/v1/aes_controller.rb:1:in `<top (required)>'
Started GET "/api/v1/aes" for ::1 at 2020-01-16 12:55:30 +0530
  [1m[35m (0.5ms)[0m  [1m[35mSET NAMES utf8,  @@SESSION.sql_mode = CONCAT(CONCAT(@@sql_mode, ',STRICT_ALL_TABLES'), ',NO_AUTO_VALUE_ON_ZERO'),  @@SESSION.sql_auto_is_null = 0, @@SESSION.wait_timeout = 2147483[0m
  
SyntaxError (C:/Sites/kriprjct/app/controllers/api/v1/aes_controller.rb:11: syntax error, unexpected end-of-input, expecting end):
  
app/controllers/api/v1/aes_controller.rb:11: syntax error, unexpected end-of-input, expecting end
Started GET "/api/v1/aes" for ::1 at 2020-01-16 12:56:11 +0530
  
SyntaxError (C:/Sites/kriprjct/app/controllers/api/v1/aes_controller.rb:11: syntax error, unexpected end-of-input, expecting end):
  
app/controllers/api/v1/aes_controller.rb:11: syntax error, unexpected end-of-input, expecting end
Started GET "/api/v1/aes" for ::1 at 2020-01-16 12:56:33 +0530
Processing by Api::V1::AesController#index as */*
  [1m[36mAe Load (8.8ms)[0m  [1m[34mSELECT `aes`.* FROM `aes` ORDER BY created_at DESC[0m
Completed 200 OK in 78ms (Views: 35.0ms | ActiveRecord: 35.9ms)


Started GET "/api/v1/aes" for ::1 at 2020-01-16 12:56:52 +0530
Processing by Api::V1::AesController#index as */*
  [1m[36mAe Load (0.9ms)[0m  [1m[34mSELECT `aes`.* FROM `aes` ORDER BY created_at DESC[0m
Completed 200 OK in 24ms (Views: 13.5ms | ActiveRecord: 0.9ms)


Started GET "/api/v1/aes" for ::1 at 2020-01-16 12:57:06 +0530
Processing by Api::V1::AesController#index as */*
  [1m[36mAe Load (0.6ms)[0m  [1m[34mSELECT `aes`.* FROM `aes` ORDER BY created_at DESC[0m
Completed 200 OK in 4ms (Views: 3.1ms | ActiveRecord: 0.6ms)


  [1m[35m (0.4ms)[0m  [1m[35mSET NAMES utf8,  @@SESSION.sql_mode = CONCAT(CONCAT(@@sql_mode, ',STRICT_ALL_TABLES'), ',NO_AUTO_VALUE_ON_ZERO'),  @@SESSION.sql_auto_is_null = 0, @@SESSION.wait_timeout = 2147483[0m
  [1m[35m (0.4ms)[0m  [1m[34mSELECT `schema_migrations`.`version` FROM `schema_migrations` ORDER BY `schema_migrations`.`version` ASC[0m
Started GET "/api/v1/aes" for ::1 at 2020-01-16 12:58:17 +0530
  [1m[35m (0.4ms)[0m  [1m[35mSET NAMES utf8,  @@SESSION.sql_mode = CONCAT(CONCAT(@@sql_mode, ',STRICT_ALL_TABLES'), ',NO_AUTO_VALUE_ON_ZERO'),  @@SESSION.sql_auto_is_null = 0, @@SESSION.wait_timeout = 2147483[0m
  [1m[35m (0.4ms)[0m  [1m[34mSELECT `schema_migrations`.`version` FROM `schema_migrations` ORDER BY `schema_migrations`.`version` ASC[0m
Processing by Api::V1::AesController#index as */*
  [1m[36mAe Load (0.4ms)[0m  [1m[34mSELECT `aes`.* FROM `aes` ORDER BY created_at DESC[0m
Completed 200 OK in 26ms (Views: 1.9ms | ActiveRecord: 18.9ms)


Started GET "/api/v1/aes" for ::1 at 2020-01-16 12:58:48 +0530
  [1m[35m (0.7ms)[0m  [1m[35mSET NAMES utf8,  @@SESSION.sql_mode = CONCAT(CONCAT(@@sql_mode, ',STRICT_ALL_TABLES'), ',NO_AUTO_VALUE_ON_ZERO'),  @@SESSION.sql_auto_is_null = 0, @@SESSION.wait_timeout = 2147483[0m
Processing by Api::V1::AesController#index as */*
  [1m[36mAe Load (1.1ms)[0m  [1m[34mSELECT `aes`.* FROM `aes` ORDER BY created_at DESC[0m
Completed 200 OK in 30ms (Views: 3.8ms | ActiveRecord: 1.1ms)


Started GET "/" for ::1 at 2020-01-17 11:35:41 +0530
  
Mysql2::Error::ConnectionError (Can't connect to MySQL server on 'localhost' (10061)):
  
mysql2-0.5.3-x64 (mingw32) lib/mysql2/client.rb:90:in `connect'
mysql2-0.5.3-x64 (mingw32) lib/mysql2/client.rb:90:in `initialize'
activerecord (5.1.7) lib/active_record/connection_adapters/mysql2_adapter.rb:21:in `new'
activerecord (5.1.7) lib/active_record/connection_adapters/mysql2_adapter.rb:21:in `mysql2_connection'
activerecord (5.1.7) lib/active_record/connection_adapters/abstract/connection_pool.rb:761:in `new_connection'
activerecord (5.1.7) lib/active_record/connection_adapters/abstract/connection_pool.rb:805:in `checkout_new_connection'
activerecord (5.1.7) lib/active_record/connection_adapters/abstract/connection_pool.rb:784:in `try_to_checkout_new_connection'
activerecord (5.1.7) lib/active_record/connection_adapters/abstract/connection_pool.rb:745:in `acquire_connection'
activerecord (5.1.7) lib/active_record/connection_adapters/abstract/connection_pool.rb:502:in `checkout'
activerecord (5.1.7) lib/active_record/connection_adapters/abstract/connection_pool.rb:376:in `connection'
activerecord (5.1.7) lib/active_record/connection_adapters/abstract/connection_pool.rb:933:in `retrieve_connection'
activerecord (5.1.7) lib/active_record/connection_handling.rb:116:in `retrieve_connection'
activerecord (5.1.7) lib/active_record/connection_handling.rb:88:in `connection'
activerecord (5.1.7) lib/active_record/migration.rb:562:in `connection'
activerecord (5.1.7) lib/active_record/migration.rb:553:in `call'
actionpack (5.1.7) lib/action_dispatch/middleware/callbacks.rb:26:in `block in call'
activesupport (5.1.7) lib/active_support/callbacks.rb:97:in `run_callbacks'
actionpack (5.1.7) lib/action_dispatch/middleware/callbacks.rb:24:in `call'
actionpack (5.1.7) lib/action_dispatch/middleware/executor.rb:12:in `call'
actionpack (5.1.7) lib/action_dispatch/middleware/debug_exceptions.rb:59:in `call'
actionpack (5.1.7) lib/action_dispatch/middleware/show_exceptions.rb:31:in `call'
railties (5.1.7) lib/rails/rack/logger.rb:36:in `call_app'
railties (5.1.7) lib/rails/rack/logger.rb:24:in `block in call'
activesupport (5.1.7) lib/active_support/tagged_logging.rb:69:in `block in tagged'
activesupport (5.1.7) lib/active_support/tagged_logging.rb:26:in `tagged'
activesupport (5.1.7) lib/active_support/tagged_logging.rb:69:in `tagged'
railties (5.1.7) lib/rails/rack/logger.rb:24:in `call'
actionpack (5.1.7) lib/action_dispatch/middleware/remote_ip.rb:79:in `call'
actionpack (5.1.7) lib/action_dispatch/middleware/request_id.rb:25:in `call'
rack (2.1.1) lib/rack/runtime.rb:24:in `call'
activesupport (5.1.7) lib/active_support/cache/strategy/local_cache_middleware.rb:27:in `call'
actionpack (5.1.7) lib/action_dispatch/middleware/executor.rb:12:in `call'
actionpack (5.1.7) lib/action_dispatch/middleware/static.rb:125:in `call'
rack (2.1.1) lib/rack/sendfile.rb:113:in `call'
railties (5.1.7) lib/rails/engine.rb:522:in `call'
puma (3.12.2) lib/puma/configuration.rb:227:in `call'
puma (3.12.2) lib/puma/server.rb:674:in `handle_request'
puma (3.12.2) lib/puma/server.rb:476:in `process_client'
puma (3.12.2) lib/puma/server.rb:334:in `block in run'
puma (3.12.2) lib/puma/thread_pool.rb:135:in `block in spawn_thread'
Started GET "/favicon.ico" for ::1 at 2020-01-17 11:35:49 +0530
  
Mysql2::Error::ConnectionError (Can't connect to MySQL server on 'localhost' (10061)):
  
mysql2-0.5.3-x64 (mingw32) lib/mysql2/client.rb:90:in `connect'
mysql2-0.5.3-x64 (mingw32) lib/mysql2/client.rb:90:in `initialize'
activerecord (5.1.7) lib/active_record/connection_adapters/mysql2_adapter.rb:21:in `new'
activerecord (5.1.7) lib/active_record/connection_adapters/mysql2_adapter.rb:21:in `mysql2_connection'
activerecord (5.1.7) lib/active_record/connection_adapters/abstract/connection_pool.rb:761:in `new_connection'
activerecord (5.1.7) lib/active_record/connection_adapters/abstract/connection_pool.rb:805:in `checkout_new_connection'
activerecord (5.1.7) lib/active_record/connection_adapters/abstract/connection_pool.rb:784:in `try_to_checkout_new_connection'
activerecord (5.1.7) lib/active_record/connection_adapters/abstract/connection_pool.rb:745:in `acquire_connection'
activerecord (5.1.7) lib/active_record/connection_adapters/abstract/connection_pool.rb:502:in `checkout'
activerecord (5.1.7) lib/active_record/connection_adapters/abstract/connection_pool.rb:376:in `connection'
activerecord (5.1.7) lib/active_record/connection_adapters/abstract/connection_pool.rb:933:in `retrieve_connection'
activerecord (5.1.7) lib/active_record/connection_handling.rb:116:in `retrieve_connection'
activerecord (5.1.7) lib/active_record/connection_handling.rb:88:in `connection'
activerecord (5.1.7) lib/active_record/migration.rb:562:in `connection'
activerecord (5.1.7) lib/active_record/migration.rb:553:in `call'
actionpack (5.1.7) lib/action_dispatch/middleware/callbacks.rb:26:in `block in call'
activesupport (5.1.7) lib/active_support/callbacks.rb:97:in `run_callbacks'
actionpack (5.1.7) lib/action_dispatch/middleware/callbacks.rb:24:in `call'
actionpack (5.1.7) lib/action_dispatch/middleware/executor.rb:12:in `call'
actionpack (5.1.7) lib/action_dispatch/middleware/debug_exceptions.rb:59:in `call'
actionpack (5.1.7) lib/action_dispatch/middleware/show_exceptions.rb:31:in `call'
railties (5.1.7) lib/rails/rack/logger.rb:36:in `call_app'
railties (5.1.7) lib/rails/rack/logger.rb:24:in `block in call'
activesupport (5.1.7) lib/active_support/tagged_logging.rb:69:in `block in tagged'
activesupport (5.1.7) lib/active_support/tagged_logging.rb:26:in `tagged'
activesupport (5.1.7) lib/active_support/tagged_logging.rb:69:in `tagged'
railties (5.1.7) lib/rails/rack/logger.rb:24:in `call'
actionpack (5.1.7) lib/action_dispatch/middleware/remote_ip.rb:79:in `call'
actionpack (5.1.7) lib/action_dispatch/middleware/request_id.rb:25:in `call'
rack (2.1.1) lib/rack/runtime.rb:24:in `call'
activesupport (5.1.7) lib/active_support/cache/strategy/local_cache_middleware.rb:27:in `call'
actionpack (5.1.7) lib/action_dispatch/middleware/executor.rb:12:in `call'
actionpack (5.1.7) lib/action_dispatch/middleware/static.rb:125:in `call'
rack (2.1.1) lib/rack/sendfile.rb:113:in `call'
railties (5.1.7) lib/rails/engine.rb:522:in `call'
puma (3.12.2) lib/puma/configuration.rb:227:in `call'
puma (3.12.2) lib/puma/server.rb:674:in `handle_request'
puma (3.12.2) lib/puma/server.rb:476:in `process_client'
puma (3.12.2) lib/puma/server.rb:334:in `block in run'
puma (3.12.2) lib/puma/thread_pool.rb:135:in `block in spawn_thread'
Started GET "/" for ::1 at 2020-01-17 11:36:26 +0530
  [1m[35m (0.7ms)[0m  [1m[35mSET NAMES utf8,  @@SESSION.sql_mode = CONCAT(CONCAT(@@sql_mode, ',STRICT_ALL_TABLES'), ',NO_AUTO_VALUE_ON_ZERO'),  @@SESSION.sql_auto_is_null = 0, @@SESSION.wait_timeout = 2147483[0m
  [1m[35m (0.9ms)[0m  [1m[34mSELECT `schema_migrations`.`version` FROM `schema_migrations` ORDER BY `schema_migrations`.`version` ASC[0m
Processing by Rails::WelcomeController#index as HTML
  Rendering C:/Ruby26-x64/lib/ruby/gems/2.6.0/gems/railties-5.1.7/lib/rails/templates/rails/welcome/index.html.erb
  Rendered C:/Ruby26-x64/lib/ruby/gems/2.6.0/gems/railties-5.1.7/lib/rails/templates/rails/welcome/index.html.erb (5.9ms)
Completed 200 OK in 73ms (Views: 17.8ms | ActiveRecord: 0.0ms)


Started GET "/api/v1/aes" for ::1 at 2020-01-17 11:36:37 +0530
Processing by Api::V1::AesController#index as HTML
  [1m[36mAe Load (46.4ms)[0m  [1m[34mSELECT `aes`.* FROM `aes` ORDER BY created_at DESC[0m
Completed 200 OK in 147ms (Views: 5.4ms | ActiveRecord: 100.5ms)


Started GET "/" for ::1 at 2020-01-17 11:56:29 +0530
  
Mysql2::Error::ConnectionError (Can't connect to MySQL server on 'localhost' (10061)):
  
mysql2-0.5.3-x64 (mingw32) lib/mysql2/client.rb:90:in `connect'
mysql2-0.5.3-x64 (mingw32) lib/mysql2/client.rb:90:in `initialize'
activerecord (5.1.7) lib/active_record/connection_adapters/mysql2_adapter.rb:21:in `new'
activerecord (5.1.7) lib/active_record/connection_adapters/mysql2_adapter.rb:21:in `mysql2_connection'
activerecord (5.1.7) lib/active_record/connection_adapters/abstract/connection_pool.rb:761:in `new_connection'
activerecord (5.1.7) lib/active_record/connection_adapters/abstract/connection_pool.rb:805:in `checkout_new_connection'
activerecord (5.1.7) lib/active_record/connection_adapters/abstract/connection_pool.rb:784:in `try_to_checkout_new_connection'
activerecord (5.1.7) lib/active_record/connection_adapters/abstract/connection_pool.rb:745:in `acquire_connection'
activerecord (5.1.7) lib/active_record/connection_adapters/abstract/connection_pool.rb:502:in `checkout'
activerecord (5.1.7) lib/active_record/connection_adapters/abstract/connection_pool.rb:376:in `connection'
activerecord (5.1.7) lib/active_record/connection_adapters/abstract/connection_pool.rb:933:in `retrieve_connection'
activerecord (5.1.7) lib/active_record/connection_handling.rb:116:in `retrieve_connection'
activerecord (5.1.7) lib/active_record/connection_handling.rb:88:in `connection'
activerecord (5.1.7) lib/active_record/migration.rb:562:in `connection'
activerecord (5.1.7) lib/active_record/migration.rb:553:in `call'
actionpack (5.1.7) lib/action_dispatch/middleware/callbacks.rb:26:in `block in call'
activesupport (5.1.7) lib/active_support/callbacks.rb:97:in `run_callbacks'
actionpack (5.1.7) lib/action_dispatch/middleware/callbacks.rb:24:in `call'
actionpack (5.1.7) lib/action_dispatch/middleware/executor.rb:12:in `call'
actionpack (5.1.7) lib/action_dispatch/middleware/debug_exceptions.rb:59:in `call'
actionpack (5.1.7) lib/action_dispatch/middleware/show_exceptions.rb:31:in `call'
railties (5.1.7) lib/rails/rack/logger.rb:36:in `call_app'
railties (5.1.7) lib/rails/rack/logger.rb:24:in `block in call'
activesupport (5.1.7) lib/active_support/tagged_logging.rb:69:in `block in tagged'
activesupport (5.1.7) lib/active_support/tagged_logging.rb:26:in `tagged'
activesupport (5.1.7) lib/active_support/tagged_logging.rb:69:in `tagged'
railties (5.1.7) lib/rails/rack/logger.rb:24:in `call'
actionpack (5.1.7) lib/action_dispatch/middleware/remote_ip.rb:79:in `call'
actionpack (5.1.7) lib/action_dispatch/middleware/request_id.rb:25:in `call'
rack (2.1.1) lib/rack/runtime.rb:24:in `call'
activesupport (5.1.7) lib/active_support/cache/strategy/local_cache_middleware.rb:27:in `call'
actionpack (5.1.7) lib/action_dispatch/middleware/executor.rb:12:in `call'
actionpack (5.1.7) lib/action_dispatch/middleware/static.rb:125:in `call'
rack (2.1.1) lib/rack/sendfile.rb:113:in `call'
railties (5.1.7) lib/rails/engine.rb:522:in `call'
puma (3.12.2) lib/puma/configuration.rb:227:in `call'
puma (3.12.2) lib/puma/server.rb:674:in `handle_request'
puma (3.12.2) lib/puma/server.rb:476:in `process_client'
puma (3.12.2) lib/puma/server.rb:334:in `block in run'
puma (3.12.2) lib/puma/thread_pool.rb:135:in `block in spawn_thread'
Started GET "/favicon.ico" for ::1 at 2020-01-17 11:56:34 +0530
  
Mysql2::Error::ConnectionError (Can't connect to MySQL server on 'localhost' (10061)):
  
mysql2-0.5.3-x64 (mingw32) lib/mysql2/client.rb:90:in `connect'
mysql2-0.5.3-x64 (mingw32) lib/mysql2/client.rb:90:in `initialize'
activerecord (5.1.7) lib/active_record/connection_adapters/mysql2_adapter.rb:21:in `new'
activerecord (5.1.7) lib/active_record/connection_adapters/mysql2_adapter.rb:21:in `mysql2_connection'
activerecord (5.1.7) lib/active_record/connection_adapters/abstract/connection_pool.rb:761:in `new_connection'
activerecord (5.1.7) lib/active_record/connection_adapters/abstract/connection_pool.rb:805:in `checkout_new_connection'
activerecord (5.1.7) lib/active_record/connection_adapters/abstract/connection_pool.rb:784:in `try_to_checkout_new_connection'
activerecord (5.1.7) lib/active_record/connection_adapters/abstract/connection_pool.rb:745:in `acquire_connection'
activerecord (5.1.7) lib/active_record/connection_adapters/abstract/connection_pool.rb:502:in `checkout'
activerecord (5.1.7) lib/active_record/connection_adapters/abstract/connection_pool.rb:376:in `connection'
activerecord (5.1.7) lib/active_record/connection_adapters/abstract/connection_pool.rb:933:in `retrieve_connection'
activerecord (5.1.7) lib/active_record/connection_handling.rb:116:in `retrieve_connection'
activerecord (5.1.7) lib/active_record/connection_handling.rb:88:in `connection'
activerecord (5.1.7) lib/active_record/migration.rb:562:in `connection'
activerecord (5.1.7) lib/active_record/migration.rb:553:in `call'
actionpack (5.1.7) lib/action_dispatch/middleware/callbacks.rb:26:in `block in call'
activesupport (5.1.7) lib/active_support/callbacks.rb:97:in `run_callbacks'
actionpack (5.1.7) lib/action_dispatch/middleware/callbacks.rb:24:in `call'
actionpack (5.1.7) lib/action_dispatch/middleware/executor.rb:12:in `call'
actionpack (5.1.7) lib/action_dispatch/middleware/debug_exceptions.rb:59:in `call'
actionpack (5.1.7) lib/action_dispatch/middleware/show_exceptions.rb:31:in `call'
railties (5.1.7) lib/rails/rack/logger.rb:36:in `call_app'
railties (5.1.7) lib/rails/rack/logger.rb:24:in `block in call'
activesupport (5.1.7) lib/active_support/tagged_logging.rb:69:in `block in tagged'
activesupport (5.1.7) lib/active_support/tagged_logging.rb:26:in `tagged'
activesupport (5.1.7) lib/active_support/tagged_logging.rb:69:in `tagged'
railties (5.1.7) lib/rails/rack/logger.rb:24:in `call'
actionpack (5.1.7) lib/action_dispatch/middleware/remote_ip.rb:79:in `call'
actionpack (5.1.7) lib/action_dispatch/middleware/request_id.rb:25:in `call'
rack (2.1.1) lib/rack/runtime.rb:24:in `call'
activesupport (5.1.7) lib/active_support/cache/strategy/local_cache_middleware.rb:27:in `call'
actionpack (5.1.7) lib/action_dispatch/middleware/executor.rb:12:in `call'
actionpack (5.1.7) lib/action_dispatch/middleware/static.rb:125:in `call'
rack (2.1.1) lib/rack/sendfile.rb:113:in `call'
railties (5.1.7) lib/rails/engine.rb:522:in `call'
puma (3.12.2) lib/puma/configuration.rb:227:in `call'
puma (3.12.2) lib/puma/server.rb:674:in `handle_request'
puma (3.12.2) lib/puma/server.rb:476:in `process_client'
puma (3.12.2) lib/puma/server.rb:334:in `block in run'
puma (3.12.2) lib/puma/thread_pool.rb:135:in `block in spawn_thread'
Started GET "/api/v1/article" for ::1 at 2020-01-17 12:04:48 +0530
  
ActiveRecord::NoDatabaseError (Unknown database 'kriprjct_development'):
  
activerecord (5.1.7) lib/active_record/connection_adapters/mysql2_adapter.rb:25:in `rescue in mysql2_connection'
activerecord (5.1.7) lib/active_record/connection_adapters/mysql2_adapter.rb:11:in `mysql2_connection'
activerecord (5.1.7) lib/active_record/connection_adapters/abstract/connection_pool.rb:761:in `new_connection'
activerecord (5.1.7) lib/active_record/connection_adapters/abstract/connection_pool.rb:805:in `checkout_new_connection'
activerecord (5.1.7) lib/active_record/connection_adapters/abstract/connection_pool.rb:784:in `try_to_checkout_new_connection'
activerecord (5.1.7) lib/active_record/connection_adapters/abstract/connection_pool.rb:745:in `acquire_connection'
activerecord (5.1.7) lib/active_record/connection_adapters/abstract/connection_pool.rb:502:in `checkout'
activerecord (5.1.7) lib/active_record/connection_adapters/abstract/connection_pool.rb:376:in `connection'
activerecord (5.1.7) lib/active_record/connection_adapters/abstract/connection_pool.rb:933:in `retrieve_connection'
activerecord (5.1.7) lib/active_record/connection_handling.rb:116:in `retrieve_connection'
activerecord (5.1.7) lib/active_record/connection_handling.rb:88:in `connection'
activerecord (5.1.7) lib/active_record/migration.rb:562:in `connection'
activerecord (5.1.7) lib/active_record/migration.rb:553:in `call'
actionpack (5.1.7) lib/action_dispatch/middleware/callbacks.rb:26:in `block in call'
activesupport (5.1.7) lib/active_support/callbacks.rb:97:in `run_callbacks'
actionpack (5.1.7) lib/action_dispatch/middleware/callbacks.rb:24:in `call'
actionpack (5.1.7) lib/action_dispatch/middleware/executor.rb:12:in `call'
actionpack (5.1.7) lib/action_dispatch/middleware/debug_exceptions.rb:59:in `call'
actionpack (5.1.7) lib/action_dispatch/middleware/show_exceptions.rb:31:in `call'
railties (5.1.7) lib/rails/rack/logger.rb:36:in `call_app'
railties (5.1.7) lib/rails/rack/logger.rb:24:in `block in call'
activesupport (5.1.7) lib/active_support/tagged_logging.rb:69:in `block in tagged'
activesupport (5.1.7) lib/active_support/tagged_logging.rb:26:in `tagged'
activesupport (5.1.7) lib/active_support/tagged_logging.rb:69:in `tagged'
railties (5.1.7) lib/rails/rack/logger.rb:24:in `call'
actionpack (5.1.7) lib/action_dispatch/middleware/remote_ip.rb:79:in `call'
actionpack (5.1.7) lib/action_dispatch/middleware/request_id.rb:25:in `call'
rack (2.1.1) lib/rack/runtime.rb:24:in `call'
activesupport (5.1.7) lib/active_support/cache/strategy/local_cache_middleware.rb:27:in `call'
actionpack (5.1.7) lib/action_dispatch/middleware/executor.rb:12:in `call'
actionpack (5.1.7) lib/action_dispatch/middleware/static.rb:125:in `call'
rack (2.1.1) lib/rack/sendfile.rb:113:in `call'
railties (5.1.7) lib/rails/engine.rb:522:in `call'
puma (3.12.2) lib/puma/configuration.rb:227:in `call'
puma (3.12.2) lib/puma/server.rb:674:in `handle_request'
puma (3.12.2) lib/puma/server.rb:476:in `process_client'
puma (3.12.2) lib/puma/server.rb:334:in `block in run'
puma (3.12.2) lib/puma/thread_pool.rb:135:in `block in spawn_thread'
  [1m[35m (1.4ms)[0m  [1m[35mSET NAMES utf8,  @@SESSION.sql_mode = CONCAT(CONCAT(@@sql_mode, ',STRICT_ALL_TABLES'), ',NO_AUTO_VALUE_ON_ZERO'),  @@SESSION.sql_auto_is_null = 0, @@SESSION.wait_timeout = 2147483[0m
  [1m[35m (430.9ms)[0m  [1m[35mCREATE TABLE `schema_migrations` (`version` varchar(255) NOT NULL PRIMARY KEY) ENGINE=InnoDB[0m
  [1m[35m (245.3ms)[0m  [1m[35mCREATE TABLE `ar_internal_metadata` (`key` varchar(255) NOT NULL PRIMARY KEY, `value` varchar(255), `created_at` datetime NOT NULL, `updated_at` datetime NOT NULL) ENGINE=InnoDB[0m
  [1m[35m (0.6ms)[0m  [1m[34mSELECT GET_LOCK('4103625539059857825', 0)[0m
  [1m[35m (0.8ms)[0m  [1m[34mSELECT `schema_migrations`.`version` FROM `schema_migrations` ORDER BY `schema_migrations`.`version` ASC[0m
Migrating to CreateAes (20200116063358)
  [1m[35m (225.6ms)[0m  [1m[35mCREATE TABLE `aes` (`id` bigint NOT NULL AUTO_INCREMENT PRIMARY KEY, `PATIENT_ID` int, `SITE_NAME` varchar(255), `COUNTRY_NAME` varchar(255), `DELAY_DAYS` int, `created_at` datetime NOT NULL, `updated_at` datetime NOT NULL) ENGINE=InnoDB[0m
  [1m[35m (0.5ms)[0m  [1m[35mBEGIN[0m
  [1m[35mSQL (1.3ms)[0m  [1m[32mINSERT INTO `schema_migrations` (`version`) VALUES ('20200116063358')[0m
  [1m[35m (28.6ms)[0m  [1m[35mCOMMIT[0m
  [1m[36mActiveRecord::InternalMetadata Load (0.9ms)[0m  [1m[34mSELECT  `ar_internal_metadata`.* FROM `ar_internal_metadata` WHERE `ar_internal_metadata`.`key` = 'environment' LIMIT 1[0m
  [1m[35m (0.5ms)[0m  [1m[35mBEGIN[0m
  [1m[35mSQL (1.3ms)[0m  [1m[32mINSERT INTO `ar_internal_metadata` (`key`, `value`, `created_at`, `updated_at`) VALUES ('environment', 'development', '2020-01-20 05:55:41', '2020-01-20 05:55:41')[0m
  [1m[35m (32.9ms)[0m  [1m[35mCOMMIT[0m
  [1m[35m (0.6ms)[0m  [1m[34mSELECT RELEASE_LOCK('4103625539059857825')[0m
  [1m[35m (0.6ms)[0m  [1m[34mSELECT `schema_migrations`.`version` FROM `schema_migrations` ORDER BY `schema_migrations`.`version` ASC[0m
Started GET "/api/v1/aes" for ::1 at 2020-01-20 11:37:59 +0530
  [1m[35m (0.7ms)[0m  [1m[35mSET NAMES utf8,  @@SESSION.sql_mode = CONCAT(CONCAT(@@sql_mode, ',STRICT_ALL_TABLES'), ',NO_AUTO_VALUE_ON_ZERO'),  @@SESSION.sql_auto_is_null = 0, @@SESSION.wait_timeout = 2147483[0m
  [1m[35m (0.4ms)[0m  [1m[34mSELECT `schema_migrations`.`version` FROM `schema_migrations` ORDER BY `schema_migrations`.`version` ASC[0m
Processing by Api::V1::AesController#index as */*
  [1m[36mAe Load (7.0ms)[0m  [1m[34mSELECT `aes`.* FROM `aes` ORDER BY created_at DESC[0m
Completed 200 OK in 103ms (Views: 3.3ms | ActiveRecord: 75.5ms)


Started POST "/api/v1/aes" for ::1 at 2020-01-20 11:38:11 +0530
Processing by Api::V1::AesController#create as */*
  [1m[35m (0.6ms)[0m  [1m[35mSET NAMES utf8,  @@SESSION.sql_mode = CONCAT(CONCAT(@@sql_mode, ',STRICT_ALL_TABLES'), ',NO_AUTO_VALUE_ON_ZERO'),  @@SESSION.sql_auto_is_null = 0, @@SESSION.wait_timeout = 2147483[0m
  [1m[35m (0.4ms)[0m  [1m[35mBEGIN[0m
  [1m[35mSQL (13.5ms)[0m  [1m[32mINSERT INTO `aes` (`created_at`, `updated_at`) VALUES ('2020-01-20 06:08:11', '2020-01-20 06:08:11')[0m
  [1m[35m (65.1ms)[0m  [1m[35mCOMMIT[0m
Completed 200 OK in 109ms (Views: 2.1ms | ActiveRecord: 81.5ms)


Started GET "/api/v1/aes" for ::1 at 2020-02-12 11:33:50 +0530
  
Mysql2::Error::ConnectionError (Can't connect to MySQL server on 'localhost' (10061)):
  
mysql2-0.5.3-x64 (mingw32) lib/mysql2/client.rb:90:in `connect'
mysql2-0.5.3-x64 (mingw32) lib/mysql2/client.rb:90:in `initialize'
activerecord (5.1.7) lib/active_record/connection_adapters/mysql2_adapter.rb:21:in `new'
activerecord (5.1.7) lib/active_record/connection_adapters/mysql2_adapter.rb:21:in `mysql2_connection'
activerecord (5.1.7) lib/active_record/connection_adapters/abstract/connection_pool.rb:761:in `new_connection'
activerecord (5.1.7) lib/active_record/connection_adapters/abstract/connection_pool.rb:805:in `checkout_new_connection'
activerecord (5.1.7) lib/active_record/connection_adapters/abstract/connection_pool.rb:784:in `try_to_checkout_new_connection'
activerecord (5.1.7) lib/active_record/connection_adapters/abstract/connection_pool.rb:745:in `acquire_connection'
activerecord (5.1.7) lib/active_record/connection_adapters/abstract/connection_pool.rb:502:in `checkout'
activerecord (5.1.7) lib/active_record/connection_adapters/abstract/connection_pool.rb:376:in `connection'
activerecord (5.1.7) lib/active_record/connection_adapters/abstract/connection_pool.rb:933:in `retrieve_connection'
activerecord (5.1.7) lib/active_record/connection_handling.rb:116:in `retrieve_connection'
activerecord (5.1.7) lib/active_record/connection_handling.rb:88:in `connection'
activerecord (5.1.7) lib/active_record/migration.rb:562:in `connection'
activerecord (5.1.7) lib/active_record/migration.rb:553:in `call'
actionpack (5.1.7) lib/action_dispatch/middleware/callbacks.rb:26:in `block in call'
activesupport (5.1.7) lib/active_support/callbacks.rb:97:in `run_callbacks'
actionpack (5.1.7) lib/action_dispatch/middleware/callbacks.rb:24:in `call'
actionpack (5.1.7) lib/action_dispatch/middleware/executor.rb:12:in `call'
actionpack (5.1.7) lib/action_dispatch/middleware/debug_exceptions.rb:59:in `call'
actionpack (5.1.7) lib/action_dispatch/middleware/show_exceptions.rb:31:in `call'
railties (5.1.7) lib/rails/rack/logger.rb:36:in `call_app'
railties (5.1.7) lib/rails/rack/logger.rb:24:in `block in call'
activesupport (5.1.7) lib/active_support/tagged_logging.rb:69:in `block in tagged'
activesupport (5.1.7) lib/active_support/tagged_logging.rb:26:in `tagged'
activesupport (5.1.7) lib/active_support/tagged_logging.rb:69:in `tagged'
railties (5.1.7) lib/rails/rack/logger.rb:24:in `call'
actionpack (5.1.7) lib/action_dispatch/middleware/remote_ip.rb:79:in `call'
actionpack (5.1.7) lib/action_dispatch/middleware/request_id.rb:25:in `call'
rack (2.1.1) lib/rack/runtime.rb:24:in `call'
activesupport (5.1.7) lib/active_support/cache/strategy/local_cache_middleware.rb:27:in `call'
actionpack (5.1.7) lib/action_dispatch/middleware/executor.rb:12:in `call'
actionpack (5.1.7) lib/action_dispatch/middleware/static.rb:125:in `call'
rack (2.1.1) lib/rack/sendfile.rb:113:in `call'
railties (5.1.7) lib/rails/engine.rb:522:in `call'
puma (3.12.2) lib/puma/configuration.rb:227:in `call'
puma (3.12.2) lib/puma/server.rb:674:in `handle_request'
puma (3.12.2) lib/puma/server.rb:476:in `process_client'
puma (3.12.2) lib/puma/server.rb:334:in `block in run'
puma (3.12.2) lib/puma/thread_pool.rb:135:in `block in spawn_thread'
Started GET "/api/v1/aes" for ::1 at 2020-02-12 11:34:32 +0530
  [1m[35m (0.4ms)[0m  [1m[35mSET NAMES utf8,  @@SESSION.sql_mode = CONCAT(CONCAT(@@sql_mode, ',STRICT_ALL_TABLES'), ',NO_AUTO_VALUE_ON_ZERO'),  @@SESSION.sql_auto_is_null = 0, @@SESSION.wait_timeout = 2147483[0m
  [1m[35m (0.8ms)[0m  [1m[34mSELECT `schema_migrations`.`version` FROM `schema_migrations` ORDER BY `schema_migrations`.`version` ASC[0m
Processing by Api::V1::AesController#index as */*
  [1m[36mAe Load (205.6ms)[0m  [1m[34mSELECT `aes`.* FROM `aes` ORDER BY created_at DESC[0m
Completed 200 OK in 356ms (Views: 43.3ms | ActiveRecord: 284.4ms)


Started GET "/api/v1/aes" for ::1 at 2020-02-12 12:51:16 +0530
Processing by Api::V1::AesController#index as */*
  Parameters: {"ae"=>{}}
  [1m[36mAe Load (1.3ms)[0m  [1m[34mSELECT `aes`.* FROM `aes` ORDER BY created_at DESC[0m
Completed 200 OK in 18ms (Views: 9.9ms | ActiveRecord: 1.3ms)


Started GET "/api/v1/aes/1" for ::1 at 2020-02-12 14:29:10 +0530
Processing by Api::V1::AesController#show as HTML
  Parameters: {"id"=>"1"}
  [1m[36mAe Load (1.4ms)[0m  [1m[34mSELECT  `aes`.* FROM `aes` WHERE `aes`.`id` = 1 LIMIT 1[0m
Completed 200 OK in 24ms (Views: 2.2ms | ActiveRecord: 1.4ms)


Started GET "/api/v1/aes" for ::1 at 2020-02-12 16:47:52 +0530
Processing by Api::V1::AesController#index as HTML
  [1m[36mAe Load (2.4ms)[0m  [1m[34mSELECT `aes`.* FROM `aes` ORDER BY created_at DESC[0m
Completed 200 OK in 18ms (Views: 10.2ms | ActiveRecord: 2.4ms)


Started GET "/favicon.ico" for ::1 at 2020-02-12 16:47:52 +0530
  
ActionController::RoutingError (No route matches [GET] "/favicon.ico"):
  
actionpack (5.1.7) lib/action_dispatch/middleware/debug_exceptions.rb:63:in `call'
actionpack (5.1.7) lib/action_dispatch/middleware/show_exceptions.rb:31:in `call'
railties (5.1.7) lib/rails/rack/logger.rb:36:in `call_app'
railties (5.1.7) lib/rails/rack/logger.rb:24:in `block in call'
activesupport (5.1.7) lib/active_support/tagged_logging.rb:69:in `block in tagged'
activesupport (5.1.7) lib/active_support/tagged_logging.rb:26:in `tagged'
activesupport (5.1.7) lib/active_support/tagged_logging.rb:69:in `tagged'
railties (5.1.7) lib/rails/rack/logger.rb:24:in `call'
actionpack (5.1.7) lib/action_dispatch/middleware/remote_ip.rb:79:in `call'
actionpack (5.1.7) lib/action_dispatch/middleware/request_id.rb:25:in `call'
rack (2.1.1) lib/rack/runtime.rb:24:in `call'
activesupport (5.1.7) lib/active_support/cache/strategy/local_cache_middleware.rb:27:in `call'
actionpack (5.1.7) lib/action_dispatch/middleware/executor.rb:12:in `call'
actionpack (5.1.7) lib/action_dispatch/middleware/static.rb:125:in `call'
rack (2.1.1) lib/rack/sendfile.rb:113:in `call'
railties (5.1.7) lib/rails/engine.rb:522:in `call'
puma (3.12.2) lib/puma/configuration.rb:227:in `call'
puma (3.12.2) lib/puma/server.rb:674:in `handle_request'
puma (3.12.2) lib/puma/server.rb:476:in `process_client'
puma (3.12.2) lib/puma/server.rb:334:in `block in run'
puma (3.12.2) lib/puma/thread_pool.rb:135:in `block in spawn_thread'
Started GET "/api/v1/aes" for ::1 at 2020-02-14 11:50:32 +0530
  [1m[35m (10.4ms)[0m  [1m[35mSET NAMES utf8,  @@SESSION.sql_mode = CONCAT(CONCAT(@@sql_mode, ',STRICT_ALL_TABLES'), ',NO_AUTO_VALUE_ON_ZERO'),  @@SESSION.sql_auto_is_null = 0, @@SESSION.wait_timeout = 2147483[0m
  [1m[35m (1.0ms)[0m  [1m[34mSELECT `schema_migrations`.`version` FROM `schema_migrations` ORDER BY `schema_migrations`.`version` ASC[0m
Processing by Api::V1::AesController#index as */*
  [1m[36mAe Load (44.2ms)[0m  [1m[34mSELECT `aes`.* FROM `aes` ORDER BY created_at DESC[0m
Completed 200 OK in 139ms (Views: 37.3ms | ActiveRecord: 66.3ms)


Started POST "/api/v1/aes" for ::1 at 2020-02-14 11:53:13 +0530
Processing by Api::V1::AesController#create as */*
  Parameters: {"PATIENT_ID"=>"rrrr", "SITE_NAME"=>nil, "COUNTRY_NAME"=>nil, "DELAY_DAYS"=>nil, "ae"=>{"PATIENT_ID"=>"rrrr", "SITE_NAME"=>nil, "COUNTRY_NAME"=>nil, "DELAY_DAYS"=>nil}}
Unpermitted parameter: :ae
  [1m[35m (0.6ms)[0m  [1m[35mSET NAMES utf8,  @@SESSION.sql_mode = CONCAT(CONCAT(@@sql_mode, ',STRICT_ALL_TABLES'), ',NO_AUTO_VALUE_ON_ZERO'),  @@SESSION.sql_auto_is_null = 0, @@SESSION.wait_timeout = 2147483[0m
  [1m[35m (0.3ms)[0m  [1m[35mBEGIN[0m
  [1m[35mSQL (20.9ms)[0m  [1m[32mINSERT INTO `aes` (`PATIENT_ID`, `created_at`, `updated_at`) VALUES (0, '2020-02-14 06:23:13', '2020-02-14 06:23:13')[0m
  [1m[35m (42.4ms)[0m  [1m[35mCOMMIT[0m
Completed 200 OK in 96ms (Views: 2.2ms | ActiveRecord: 64.2ms)


Started GET "/api/v1/aes" for ::1 at 2020-02-14 11:53:33 +0530
Processing by Api::V1::AesController#index as */*
  Parameters: {"ae"=>{}}
  [1m[36mAe Load (0.5ms)[0m  [1m[34mSELECT `aes`.* FROM `aes` ORDER BY created_at DESC[0m
Completed 200 OK in 13ms (Views: 11.7ms | ActiveRecord: 0.5ms)


